<?xml version="1.0" encoding="UTF-8"?>
<!-- Generated by org.testng.reporters.JUnitReportReporter -->
<testsuite skipped="0" hostname="LAPTOP-8VE50PR9" name="com.employeeapi.testCases.DataDrivenTesting" tests="4" failures="0" timestamp="09 Nov 2021 02:06:50 GMT" time="2.506" errors="0">
  <testcase name="addNewData" time="1.571" classname="com.employeeapi.testCases.DataDrivenTesting"/>
  <testcase name="addNewData" time="0.320" classname="com.employeeapi.testCases.DataDrivenTesting"/>
  <testcase name="addNewData" time="0.318" classname="com.employeeapi.testCases.DataDrivenTesting"/>
  <testcase name="addNewData" time="0.297" classname="com.employeeapi.testCases.DataDrivenTesting"/>
</testsuite> <!-- com.employeeapi.testCases.DataDrivenTesting -->
